# JRE version: OpenJDK Runtime Environment (21.0.6) (build 21.0.6+-13368085-b895.109)
# Java VM: OpenJDK 64-Bit Server VM (21.0.6+-13368085-b895.109, mixed mode, tiered, compressed oops, compressed class ptrs, g1 gc, windows-amd64)
GC Precious Log:
 CardTable entry size: 512
 Card Set container configuration: InlinePtr #cards 5 size 8 Array Of Cards #cards 12 size 40 Howl #buckets 4 coarsen threshold 1843 Howl Bitmap #cards 512 size 80 coarsen threshold 460 Card regions per heap region 1 cards per card region 2048
 CPUs: 12 total, 12 available
 Memory: 32543M
 Large Page Support: Disabled
 NUMA Support: Disabled
 Compressed Oops: Enabled (32-bit)
 Heap Region Size: 1M
 Heap Min Capacity: 8M
 Heap Initial Capacity: 510M
 Heap Max Capacity: 2G
 Pre-touch: Disabled
 Parallel Workers: 10
 Concurrent Workers: 3
 Concurrent Refinement Workers: 10
 Periodic GC: Disabled
Heap:
 garbage-first heap   total 142336K, used 122977K [0x0000000080000000, 0x0000000100000000)
  region size 1024K, 49 young (50176K), 7 survivors (7168K)
 Metaspace       used 85292K, committed 87104K, reserved 1179648K
  class space    used 11800K, committed 12672K, reserved 1048576K
GC Heap History (20 events):
Event: 28.326 GC heap after
{Heap after GC invocations=10 (full 0):
 garbage-first heap   total 80896K, used 32383K [0x0000000080000000, 0x0000000100000000)
  region size 1024K, 3 young (3072K), 3 survivors (3072K)
 Metaspace       used 44710K, committed 45696K, reserved 1114112K
  class space    used 5767K, committed 6272K, reserved 1048576K
}
Event: 28.946 GC heap before
{Heap before GC invocations=10 (full 0):
 garbage-first heap   total 80896K, used 69247K [0x0000000080000000, 0x0000000100000000)
  region size 1024K, 39 young (39936K), 3 survivors (3072K)
 Metaspace       used 49026K, committed 50368K, reserved 1114112K
  class space    used 6500K, committed 7168K, reserved 1048576K
}
Event: 28.950 GC heap after
{Heap after GC invocations=11 (full 0):
 garbage-first heap   total 302080K, used 35661K [0x0000000080000000, 0x0000000100000000)
  region size 1024K, 5 young (5120K), 5 survivors (5120K)
 Metaspace       used 49026K, committed 50368K, reserved 1114112K
  class space    used 6500K, committed 7168K, reserved 1048576K
}
Event: 29.929 GC heap before
{Heap before GC invocations=11 (full 0):
 garbage-first heap   total 302080K, used 105293K [0x0000000080000000, 0x0000000100000000)
  region size 1024K, 74 young (75776K), 5 survivors (5120K)
 Metaspace       used 58529K, committed 60096K, reserved 1114112K
  class space    used 7920K, committed 8704K, reserved 1048576K
}
Event: 29.935 GC heap after
{Heap after GC invocations=12 (full 0):
 garbage-first heap   total 302080K, used 38896K [0x0000000080000000, 0x0000000100000000)
  region size 1024K, 9 young (9216K), 9 survivors (9216K)
 Metaspace       used 58529K, committed 60096K, reserved 1114112K
  class space    used 7920K, committed 8704K, reserved 1048576K
}
Event: 31.398 GC heap before
{Heap before GC invocations=13 (full 0):
 garbage-first heap   total 133120K, used 109552K [0x0000000080000000, 0x0000000100000000)
  region size 1024K, 78 young (79872K), 9 survivors (9216K)
 Metaspace       used 66402K, committed 68160K, reserved 1114112K
  class space    used 9095K, committed 9984K, reserved 1048576K
}
Event: 31.405 GC heap after
{Heap after GC invocations=14 (full 0):
 garbage-first heap   total 133120K, used 45455K [0x0000000080000000, 0x0000000100000000)
  region size 1024K, 10 young (10240K), 10 survivors (10240K)
 Metaspace       used 66402K, committed 68160K, reserved 1114112K
  class space    used 9095K, committed 9984K, reserved 1048576K
}
Event: 31.978 GC heap before
{Heap before GC invocations=14 (full 0):
 garbage-first heap   total 133120K, used 114063K [0x0000000080000000, 0x0000000100000000)
  region size 1024K, 78 young (79872K), 10 survivors (10240K)
 Metaspace       used 67750K, committed 69504K, reserved 1114112K
  class space    used 9241K, committed 10112K, reserved 1048576K
}
Event: 31.986 GC heap after
{Heap after GC invocations=15 (full 0):
 garbage-first heap   total 133120K, used 49404K [0x0000000080000000, 0x0000000100000000)
  region size 1024K, 7 young (7168K), 7 survivors (7168K)
 Metaspace       used 67750K, committed 69504K, reserved 1114112K
  class space    used 9241K, committed 10112K, reserved 1048576K
}
Event: 32.394 GC heap before
{Heap before GC invocations=15 (full 0):
 garbage-first heap   total 133120K, used 114940K [0x0000000080000000, 0x0000000100000000)
  region size 1024K, 71 young (72704K), 7 survivors (7168K)
 Metaspace       used 68002K, committed 69696K, reserved 1114112K
  class space    used 9241K, committed 10112K, reserved 1048576K
}
Event: 32.398 GC heap after
{Heap after GC invocations=16 (full 0):
 garbage-first heap   total 133120K, used 51143K [0x0000000080000000, 0x0000000100000000)
  region size 1024K, 5 young (5120K), 5 survivors (5120K)
 Metaspace       used 68002K, committed 69696K, reserved 1114112K
  class space    used 9241K, committed 10112K, reserved 1048576K
}
Event: 32.618 GC heap before
{Heap before GC invocations=16 (full 0):
 garbage-first heap   total 133120K, used 114631K [0x0000000080000000, 0x0000000100000000)
  region size 1024K, 68 young (69632K), 5 survivors (5120K)
 Metaspace       used 68014K, committed 69696K, reserved 1114112K
  class space    used 9242K, committed 10112K, reserved 1048576K
}
Event: 32.621 GC heap after
{Heap after GC invocations=17 (full 0):
 garbage-first heap   total 133120K, used 52855K [0x0000000080000000, 0x0000000100000000)
  region size 1024K, 7 young (7168K), 7 survivors (7168K)
 Metaspace       used 68014K, committed 69696K, reserved 1114112K
  class space    used 9242K, committed 10112K, reserved 1048576K
}
Event: 33.438 GC heap before
{Heap before GC invocations=18 (full 0):
 garbage-first heap   total 133120K, used 116218K [0x0000000080000000, 0x0000000100000000)
  region size 1024K, 69 young (70656K), 7 survivors (7168K)
 Metaspace       used 77417K, committed 79232K, reserved 1179648K
  class space    used 10875K, committed 11776K, reserved 1048576K
}
Event: 33.442 GC heap after
{Heap after GC invocations=19 (full 0):
 garbage-first heap   total 133120K, used 55102K [0x0000000080000000, 0x0000000100000000)
  region size 1024K, 8 young (8192K), 8 survivors (8192K)
 Metaspace       used 77417K, committed 79232K, reserved 1179648K
  class space    used 10875K, committed 11776K, reserved 1048576K
}
Event: 34.156 GC heap before
{Heap before GC invocations=19 (full 0):
 garbage-first heap   total 133120K, used 123710K [0x0000000080000000, 0x0000000100000000)
  region size 1024K, 68 young (69632K), 8 survivors (8192K)
 Metaspace       used 85152K, committed 86976K, reserved 1179648K
  class space    used 11788K, committed 12672K, reserved 1048576K
}
Event: 34.162 GC heap after
{Heap after GC invocations=20 (full 0):
 garbage-first heap   total 137216K, used 64933K [0x0000000080000000, 0x0000000100000000)
  region size 1024K, 9 young (9216K), 9 survivors (9216K)
 Metaspace       used 85152K, committed 86976K, reserved 1179648K
  class space    used 11788K, committed 12672K, reserved 1048576K
}
Event: 34.266 GC heap before
{Heap before GC invocations=20 (full 0):
 garbage-first heap   total 137216K, used 84389K [0x0000000080000000, 0x0000000100000000)
  region size 1024K, 29 young (29696K), 9 survivors (9216K)
 Metaspace       used 85261K, committed 87104K, reserved 1179648K
  class space    used 11792K, committed 12672K, reserved 1048576K
}
Event: 34.275 GC heap after
{Heap after GC invocations=21 (full 0):
 garbage-first heap   total 137216K, used 72801K [0x0000000080000000, 0x0000000100000000)
  region size 1024K, 8 young (8192K), 8 survivors (8192K)
 Metaspace       used 85261K, committed 87104K, reserved 1179648K
  class space    used 11792K, committed 12672K, reserved 1048576K
}
Event: 40.224 GC heap before
{Heap before GC invocations=22 (full 0):
 garbage-first heap   total 137216K, used 122977K [0x0000000080000000, 0x0000000100000000)
  region size 1024K, 50 young (51200K), 8 survivors (8192K)
 Metaspace       used 85292K, committed 87104K, reserved 1179648K
  class space    used 11800K, committed 12672K, reserved 1048576K
}

